<?xml version="1.0" encoding="UTF-8"?>
<!-- Generated by org.testng.reporters.JUnitReportReporter -->
<testsuite hostname="Nitin" failures="0" tests="4" name="com.qa.opencart.TestClass.LoginPageTest" time="5.232" errors="0" timestamp="2023-08-21T17:26:54 IST" skipped="0">
  <testcase classname="com.qa.opencart.TestClass.LoginPageTest" name="LoginPageUrlTest" time="0.028"/>
  <system-out/>
  <testcase classname="com.qa.opencart.TestClass.LoginPageTest" name="isForgotPassLinkPresentTest" time="1.095"/>
  <system-out/>
  <testcase classname="com.qa.opencart.TestClass.LoginPageTest" name="doLoginTest" time="4.039"/>
  <system-out/>
  <testcase classname="com.qa.opencart.TestClass.LoginPageTest" name="LoginPageTitleTest" time="0.070"/>
  <system-out/>
</testsuite> <!-- com.qa.opencart.TestClass.LoginPageTest -->
