<?xml version="1.0" encoding="UTF-8"?>
<!-- Generated by org.testng.reporters.JUnitReportReporter -->
<testsuite hostname="Nitin" failures="0" tests="1" name="com.qa.opencart.TestClass.ProductInfoPageTest" time="6.972" errors="0" timestamp="2023-08-21T17:26:53 IST" skipped="0">
  <testcase classname="com.qa.opencart.TestClass.ProductInfoPageTest" name="productHeaderTest" time="6.972"/>
  <system-out/>
</testsuite> <!-- com.qa.opencart.TestClass.ProductInfoPageTest -->
